0 info it worked if it ends with ok
1 verbose cli [ 'C:\\Program Files\\nodejs\\node.exe',
1 verbose cli   'C:\\Program Files\\nodejs\\node_modules\\npm\\bin\\npm-cli.js',
1 verbose cli   'run',
1 verbose cli   'build' ]
2 info using npm@3.10.10
3 info using node@v6.11.0
4 verbose run-script [ 'prebuild', 'build', 'postbuild' ]
5 info lifecycle angular-typescript-webpack@0.1.1~prebuild: angular-typescript-webpack@0.1.1
6 silly lifecycle angular-typescript-webpack@0.1.1~prebuild: no script for prebuild, continuing
7 info lifecycle angular-typescript-webpack@0.1.1~build: angular-typescript-webpack@0.1.1
8 verbose lifecycle angular-typescript-webpack@0.1.1~build: unsafe-perm in lifecycle true
9 verbose lifecycle angular-typescript-webpack@0.1.1~build: PATH: C:\Program Files\nodejs\node_modules\npm\bin\node-gyp-bin;C:\Users\Stijn\Documents\proj\angular-typescript-webpack\node_modules\.bin;C:\ProgramData\Oracle\Java\javapath;C:\WINDOWS\system32;C:\WINDOWS;C:\WINDOWS\System32\Wbem;C:\WINDOWS\System32\WindowsPowerShell\v1.0\;C:\Program Files\Microsoft Windows Performance Toolkit\;C:\Program Files\Microsoft SQL Server\120\Tools\Binn\;C:\Program Files (x86)\Heroku\bin;C:\Program Files (x86)\git\cmd;C:\Program Files (x86)\SmartGit\git\bin;C:\Program Files (x86)\Skype\Phone\;C:\Program Files\Microsoft SQL Server\130\Tools\Binn\;C:\Program Files\nodejs\;C:\Program Files\dotnet\;C:\Users\Stijn\AppData\Local\Programs\Git\cmd;C:\Users\Stijn\.dnx\bin;C:\Program Files (x86)\Calibre2;C:\Users\Stijn\AppData\Local\Microsoft\WindowsApps;C:\Users\Stijn\AppData\Roaming\npm;;C:\Program Files\Microsoft VS Code\bin
10 verbose lifecycle angular-typescript-webpack@0.1.1~build: CWD: C:\Users\Stijn\Documents\proj\angular-typescript-webpack
11 silly lifecycle angular-typescript-webpack@0.1.1~build: Args: [ '/d /s /c',
11 silly lifecycle   'rimraf dist && NODE_ENV=production webpack --bail --progress --profile' ]
12 silly lifecycle angular-typescript-webpack@0.1.1~build: Returned: code: 1  signal: null
13 info lifecycle angular-typescript-webpack@0.1.1~build: Failed to exec build script
14 verbose stack Error: angular-typescript-webpack@0.1.1 build: `rimraf dist && NODE_ENV=production webpack --bail --progress --profile`
14 verbose stack Exit status 1
14 verbose stack     at EventEmitter.<anonymous> (C:\Program Files\nodejs\node_modules\npm\lib\utils\lifecycle.js:255:16)
14 verbose stack     at emitTwo (events.js:106:13)
14 verbose stack     at EventEmitter.emit (events.js:191:7)
14 verbose stack     at ChildProcess.<anonymous> (C:\Program Files\nodejs\node_modules\npm\lib\utils\spawn.js:40:14)
14 verbose stack     at emitTwo (events.js:106:13)
14 verbose stack     at ChildProcess.emit (events.js:191:7)
14 verbose stack     at maybeClose (internal/child_process.js:891:16)
14 verbose stack     at Process.ChildProcess._handle.onexit (internal/child_process.js:226:5)
15 verbose pkgid angular-typescript-webpack@0.1.1
16 verbose cwd C:\Users\Stijn\Documents\proj\angular-typescript-webpack
17 error Windows_NT 10.0.16299
18 error argv "C:\\Program Files\\nodejs\\node.exe" "C:\\Program Files\\nodejs\\node_modules\\npm\\bin\\npm-cli.js" "run" "build"
19 error node v6.11.0
20 error npm  v3.10.10
21 error code ELIFECYCLE
22 error angular-typescript-webpack@0.1.1 build: `rimraf dist && NODE_ENV=production webpack --bail --progress --profile`
22 error Exit status 1
23 error Failed at the angular-typescript-webpack@0.1.1 build script 'rimraf dist && NODE_ENV=production webpack --bail --progress --profile'.
23 error Make sure you have the latest version of node.js and npm installed.
23 error If you do, this is most likely a problem with the angular-typescript-webpack package,
23 error not with npm itself.
23 error Tell the author that this fails on your system:
23 error     rimraf dist && NODE_ENV=production webpack --bail --progress --profile
23 error You can get information on how to open an issue for this project with:
23 error     npm bugs angular-typescript-webpack
23 error Or if that isn't available, you can get their info via:
23 error     npm owner ls angular-typescript-webpack
23 error There is likely additional logging output above.
24 verbose exit [ 1, true ]
